{"/home/lee/Desktop/Ferry/Car.js":{"path":"/home/lee/Desktop/Ferry/Car.js","s":{"1":1,"2":0,"3":0},"b":{},"f":{"1":0},"fnMap":{"1":{"name":"(anonymous_1)","line":1,"loc":{"start":{"line":1,"column":17},"end":{"line":1,"column":52}}}},"statementMap":{"1":{"start":{"line":1,"column":0},"end":{"line":6,"column":1}},"2":{"start":{"line":2,"column":2},"end":{"line":2,"column":18}},"3":{"start":{"line":5,"column":2},"end":{"line":5,"column":10}}},"branchMap":{}},"/home/lee/Desktop/Ferry/Ferry.js":{"path":"/home/lee/Desktop/Ferry/Ferry.js","s":{"1":1,"2":0,"3":0},"b":{},"f":{"1":0},"fnMap":{"1":{"name":"(anonymous_1)","line":1,"loc":{"start":{"line":1,"column":17},"end":{"line":1,"column":55}}}},"statementMap":{"1":{"start":{"line":1,"column":0},"end":{"line":6,"column":1}},"2":{"start":{"line":2,"column":2},"end":{"line":2,"column":18}},"3":{"start":{"line":5,"column":2},"end":{"line":5,"column":10}}},"branchMap":{}}}